{"level":"high","message":"https://localhost:3000 is not ok. TypeError: fetch failed","createdAt":"2026-03-16T22:25:10.231Z","origin":"check-service.ts"}
{"level":"high","message":"https://localhost:3000 is not ok. TypeError: fetch failed","createdAt":"2026-03-16T22:25:15.021Z","origin":"check-service.ts"}
{"level":"high","message":"https://localhost:3000 is not ok. TypeError: fetch failed","createdAt":"2026-03-16T22:25:20.012Z","origin":"check-service.ts"}
{"level":"high","message":"https://localhost:3000 is not ok. TypeError: fetch failed","createdAt":"2026-03-16T22:25:25.014Z","origin":"check-service.ts"}
{"level":"high","message":"https://localhost:3000 is not ok. TypeError: fetch failed","createdAt":"2026-03-16T22:25:30.022Z","origin":"check-service.ts"}
{"level":"high","message":"https://localhost:3000 is not ok. TypeError: fetch failed","createdAt":"2026-03-16T22:25:35.007Z","origin":"check-service.ts"}
{"level":"high","message":"https://localhost:3000 is not ok. TypeError: fetch failed","createdAt":"2026-03-16T22:25:40.015Z","origin":"check-service.ts"}
{"level":"high","message":"https://localhost:3000 is not ok. TypeError: fetch failed","createdAt":"2026-03-16T22:25:45.013Z","origin":"check-service.ts"}
{"level":"high","message":"https://localhost:3000 is not ok. TypeError: fetch failed","createdAt":"2026-03-16T22:25:50.016Z","origin":"check-service.ts"}
{"level":"high","message":"https://localhost:3000 is not ok. TypeError: fetch failed","createdAt":"2026-03-16T22:25:55.012Z","origin":"check-service.ts"}
{"level":"high","message":"https://localhost:3000 is not ok. TypeError: fetch failed","createdAt":"2026-03-16T22:26:00.021Z","origin":"check-service.ts"}
{"level":"high","message":"https://localhost:3000 is not ok. TypeError: fetch failed","createdAt":"2026-03-16T22:26:05.018Z","origin":"check-service.ts"}
{"level":"high","message":"https://google.com is not ok. TypeError: fetch failed","createdAt":"2026-03-16T22:26:18.238Z","origin":"check-service.ts"}
{"level":"low","message":"Service https://google.com working","createdAt":"2026-03-16T22:26:20.418Z","origin":"check-service.ts"}
{"level":"low","message":"Service https://google.com working","createdAt":"2026-03-16T22:26:25.289Z","origin":"check-service.ts"}
{"level":"low","message":"Service https://google.com working","createdAt":"2026-03-16T22:26:30.608Z","origin":"check-service.ts"}
{"level":"low","message":"Service https://google.com working","createdAt":"2026-03-16T22:26:35.385Z","origin":"check-service.ts"}
{"level":"low","message":"Service https://google.com working","createdAt":"2026-03-16T22:26:40.567Z","origin":"check-service.ts"}
{"level":"low","message":"Service https://google.com working","createdAt":"2026-03-16T22:26:45.570Z","origin":"check-service.ts"}
{"level":"low","message":"Service https://google.com working","createdAt":"2026-03-16T22:26:50.282Z","origin":"check-service.ts"}
{"level":"low","message":"Service https://google.com working","createdAt":"2026-03-16T22:26:55.273Z","origin":"check-service.ts"}
{"level":"low","message":"Service https://google.com working","createdAt":"2026-03-16T22:27:00.300Z","origin":"check-service.ts"}
{"level":"low","message":"Service https://google.com working","createdAt":"2026-03-16T22:27:05.306Z","origin":"check-service.ts"}
{"level":"low","message":"Service https://google.com working","createdAt":"2026-03-16T22:27:10.287Z","origin":"check-service.ts"}
{"level":"low","message":"Email sent","createdAt":"2026-03-21T20:20:38.742Z","origin":"email.service.ts"}
{"level":"high","message":"Error: Email log not sent","createdAt":"2026-03-21T20:36:23.809Z","origin":"send-email-logs.ts"}
{"level":"low","message":"Service https://google.com working","createdAt":"2026-03-25T22:38:36.038Z","origin":"check-service.ts"}
{"level":"low","message":"Service https://google.com working","createdAt":"2026-03-25T22:38:40.356Z","origin":"check-service.ts"}
{"level":"low","message":"Service https://google.com working","createdAt":"2026-03-25T22:38:45.702Z","origin":"check-service.ts"}
{"level":"low","message":"Service https://google.com working","createdAt":"2026-03-25T22:38:50.337Z","origin":"check-service.ts"}
{"level":"low","message":"Service https://google.com working","createdAt":"2026-03-25T22:38:55.732Z","origin":"check-service.ts"}
{"level":"low","message":"Service https://google.com working","createdAt":"2026-03-25T22:39:00.668Z","origin":"check-service.ts"}
{"level":"low","message":"Service https://google.com working","createdAt":"2026-03-25T22:39:05.407Z","origin":"check-service.ts"}
{"level":"low","message":"Service https://google.com working","createdAt":"2026-03-25T22:39:10.353Z","origin":"check-service.ts"}
{"level":"low","message":"Service https://google.com working","createdAt":"2026-03-25T22:39:15.435Z","origin":"check-service.ts"}
{"level":"low","message":"Service https://google.com working","createdAt":"2026-03-25T22:39:20.373Z","origin":"check-service.ts"}
{"level":"low","message":"Service https://google.com working","createdAt":"2026-03-25T22:39:25.582Z","origin":"check-service.ts"}
{"level":"low","message":"Service https://google.com working","createdAt":"2026-03-25T22:39:30.360Z","origin":"check-service.ts"}
{"level":"low","message":"Service https://google.com working","createdAt":"2026-03-25T22:39:35.451Z","origin":"check-service.ts"}
{"level":"low","message":"Service https://google.com working","createdAt":"2026-03-25T22:39:40.625Z","origin":"check-service.ts"}
{"level":"low","message":"Service https://google.com working","createdAt":"2026-03-25T22:39:45.427Z","origin":"check-service.ts"}
{"level":"low","message":"Service https://google.com working","createdAt":"2026-03-25T22:39:50.644Z","origin":"check-service.ts"}
{"level":"low","message":"Service https://google.com working","createdAt":"2026-03-25T22:39:55.753Z","origin":"check-service.ts"}
{"level":"low","message":"Service https://google.com working","createdAt":"2026-03-25T22:40:00.328Z","origin":"check-service.ts"}
{"level":"low","message":"Service https://google.com working","createdAt":"2026-03-25T22:40:05.443Z","origin":"check-service.ts"}
{"level":"low","message":"Service https://google.com working","createdAt":"2026-03-25T22:40:10.357Z","origin":"check-service.ts"}
